The system is: Linux - 4.4.0-75-generic - i686
Compiling the C compiler identification source file "CMakeCCompilerId.c" succeeded.
Compiler: /usr/bin/cc 
Build flags: 
Id flags: 

The output was:
0


Compilation of the C compiler identification source "CMakeCCompilerId.c" produced "a.out"

The C compiler identification is GNU, found in "/home/rocio/fiberrules/build/CMakeFiles/2.8.12.2/CompilerIdC/a.out"

Compiling the CXX compiler identification source file "CMakeCXXCompilerId.cpp" succeeded.
Compiler: /usr/bin/c++ 
Build flags: 
Id flags: 

The output was:
0


Compilation of the CXX compiler identification source "CMakeCXXCompilerId.cpp" produced "a.out"

The CXX compiler identification is GNU, found in "/home/rocio/fiberrules/build/CMakeFiles/2.8.12.2/CompilerIdCXX/a.out"

Determining if the C compiler works passed with the following output:
Change Dir: /home/rocio/fiberrules/build/CMakeFiles/CMakeTmp

Run Build Command:/usr/bin/make "cmTryCompileExec2030855357/fast"
/usr/bin/make -f CMakeFiles/cmTryCompileExec2030855357.dir/build.make CMakeFiles/cmTryCompileExec2030855357.dir/build
make[1]: Entering directory `/home/rocio/fiberrules/build/CMakeFiles/CMakeTmp'
/usr/bin/cmake -E cmake_progress_report /home/rocio/fiberrules/build/CMakeFiles/CMakeTmp/CMakeFiles 1
Building C object CMakeFiles/cmTryCompileExec2030855357.dir/testCCompiler.c.o
/usr/bin/cc    -o CMakeFiles/cmTryCompileExec2030855357.dir/testCCompiler.c.o   -c /home/rocio/fiberrules/build/CMakeFiles/CMakeTmp/testCCompiler.c
Linking C executable cmTryCompileExec2030855357
/usr/bin/cmake -E cmake_link_script CMakeFiles/cmTryCompileExec2030855357.dir/link.txt --verbose=1
/usr/bin/cc       CMakeFiles/cmTryCompileExec2030855357.dir/testCCompiler.c.o  -o cmTryCompileExec2030855357 -rdynamic 
make[1]: Leaving directory `/home/rocio/fiberrules/build/CMakeFiles/CMakeTmp'


Detecting C compiler ABI info compiled with the following output:
Change Dir: /home/rocio/fiberrules/build/CMakeFiles/CMakeTmp

Run Build Command:/usr/bin/make "cmTryCompileExec1103765337/fast"
/usr/bin/make -f CMakeFiles/cmTryCompileExec1103765337.dir/build.make CMakeFiles/cmTryCompileExec1103765337.dir/build
make[1]: Entering directory `/home/rocio/fiberrules/build/CMakeFiles/CMakeTmp'
/usr/bin/cmake -E cmake_progress_report /home/rocio/fiberrules/build/CMakeFiles/CMakeTmp/CMakeFiles 1
Building C object CMakeFiles/cmTryCompileExec1103765337.dir/CMakeCCompilerABI.c.o
/usr/bin/cc    -o CMakeFiles/cmTryCompileExec1103765337.dir/CMakeCCompilerABI.c.o   -c /usr/share/cmake-2.8/Modules/CMakeCCompilerABI.c
Linking C executable cmTryCompileExec1103765337
/usr/bin/cmake -E cmake_link_script CMakeFiles/cmTryCompileExec1103765337.dir/link.txt --verbose=1
/usr/bin/cc     -v CMakeFiles/cmTryCompileExec1103765337.dir/CMakeCCompilerABI.c.o  -o cmTryCompileExec1103765337 -rdynamic  
Using built-in specs.
COLLECT_GCC=/usr/bin/cc
COLLECT_LTO_WRAPPER=/usr/lib/gcc/i686-linux-gnu/4.8/lto-wrapper
Target: i686-linux-gnu
Configured with: ../src/configure -v --with-pkgversion='Ubuntu 4.8.4-2ubuntu1~14.04.3' --with-bugurl=file:///usr/share/doc/gcc-4.8/README.Bugs --enable-languages=c,c++,java,go,d,fortran,objc,obj-c++ --prefix=/usr --program-suffix=-4.8 --enable-shared --enable-linker-build-id --libexecdir=/usr/lib --without-included-gettext --enable-threads=posix --with-gxx-include-dir=/usr/include/c++/4.8 --libdir=/usr/lib --enable-nls --with-sysroot=/ --enable-clocale=gnu --enable-libstdcxx-debug --enable-libstdcxx-time=yes --enable-gnu-unique-object --disable-libmudflap --enable-plugin --with-system-zlib --disable-browser-plugin --enable-java-awt=gtk --enable-gtk-cairo --with-java-home=/usr/lib/jvm/java-1.5.0-gcj-4.8-i386/jre --enable-java-home --with-jvm-root-dir=/usr/lib/jvm/java-1.5.0-gcj-4.8-i386 --with-jvm-jar-dir=/usr/lib/jvm-exports/java-1.5.0-gcj-4.8-i386 --with-arch-directory=i386 --with-ecj-jar=/usr/share/java/eclipse-ecj.jar --enable-objc-gc --enable-targets=all --enable-multiarch --disable-werror --with-arch-32=i686 --with-multilib-list=m32,m64,mx32 --with-tune=generic --enable-checking=release --build=i686-linux-gnu --host=i686-linux-gnu --target=i686-linux-gnu
Thread model: posix
gcc version 4.8.4 (Ubuntu 4.8.4-2ubuntu1~14.04.3) 
COMPILER_PATH=/usr/lib/gcc/i686-linux-gnu/4.8/:/usr/lib/gcc/i686-linux-gnu/4.8/:/usr/lib/gcc/i686-linux-gnu/:/usr/lib/gcc/i686-linux-gnu/4.8/:/usr/lib/gcc/i686-linux-gnu/
LIBRARY_PATH=/usr/lib/gcc/i686-linux-gnu/4.8/:/usr/lib/gcc/i686-linux-gnu/4.8/../../../i386-linux-gnu/:/usr/lib/gcc/i686-linux-gnu/4.8/../../../../lib/:/lib/i386-linux-gnu/:/lib/../lib/:/usr/lib/i386-linux-gnu/:/usr/lib/../lib/:/usr/lib/gcc/i686-linux-gnu/4.8/../../../:/lib/:/usr/lib/
COLLECT_GCC_OPTIONS='-v' '-o' 'cmTryCompileExec1103765337' '-rdynamic' '-mtune=generic' '-march=i686'
 /usr/lib/gcc/i686-linux-gnu/4.8/collect2 --sysroot=/ --build-id --eh-frame-hdr -m elf_i386 --hash-style=gnu --as-needed -export-dynamic -dynamic-linker /lib/ld-linux.so.2 -z relro -o cmTryCompileExec1103765337 /usr/lib/gcc/i686-linux-gnu/4.8/../../../i386-linux-gnu/crt1.o /usr/lib/gcc/i686-linux-gnu/4.8/../../../i386-linux-gnu/crti.o /usr/lib/gcc/i686-linux-gnu/4.8/crtbegin.o -L/usr/lib/gcc/i686-linux-gnu/4.8 -L/usr/lib/gcc/i686-linux-gnu/4.8/../../../i386-linux-gnu -L/usr/lib/gcc/i686-linux-gnu/4.8/../../../../lib -L/lib/i386-linux-gnu -L/lib/../lib -L/usr/lib/i386-linux-gnu -L/usr/lib/../lib -L/usr/lib/gcc/i686-linux-gnu/4.8/../../.. CMakeFiles/cmTryCompileExec1103765337.dir/CMakeCCompilerABI.c.o -lgcc --as-needed -lgcc_s --no-as-needed -lc -lgcc --as-needed -lgcc_s --no-as-needed /usr/lib/gcc/i686-linux-gnu/4.8/crtend.o /usr/lib/gcc/i686-linux-gnu/4.8/../../../i386-linux-gnu/crtn.o
make[1]: Leaving directory `/home/rocio/fiberrules/build/CMakeFiles/CMakeTmp'


Parsed C implicit link information from above output:
  link line regex: [^( *|.*[/\])(ld|([^/\]+-)?ld|collect2)[^/\]*( |$)]
  ignore line: [Change Dir: /home/rocio/fiberrules/build/CMakeFiles/CMakeTmp]
  ignore line: []
  ignore line: [Run Build Command:/usr/bin/make "cmTryCompileExec1103765337/fast"]
  ignore line: [/usr/bin/make -f CMakeFiles/cmTryCompileExec1103765337.dir/build.make CMakeFiles/cmTryCompileExec1103765337.dir/build]
  ignore line: [make[1]: Entering directory `/home/rocio/fiberrules/build/CMakeFiles/CMakeTmp']
  ignore line: [/usr/bin/cmake -E cmake_progress_report /home/rocio/fiberrules/build/CMakeFiles/CMakeTmp/CMakeFiles 1]
  ignore line: [Building C object CMakeFiles/cmTryCompileExec1103765337.dir/CMakeCCompilerABI.c.o]
  ignore line: [/usr/bin/cc    -o CMakeFiles/cmTryCompileExec1103765337.dir/CMakeCCompilerABI.c.o   -c /usr/share/cmake-2.8/Modules/CMakeCCompilerABI.c]
  ignore line: [Linking C executable cmTryCompileExec1103765337]
  ignore line: [/usr/bin/cmake -E cmake_link_script CMakeFiles/cmTryCompileExec1103765337.dir/link.txt --verbose=1]
  ignore line: [/usr/bin/cc     -v CMakeFiles/cmTryCompileExec1103765337.dir/CMakeCCompilerABI.c.o  -o cmTryCompileExec1103765337 -rdynamic  ]
  ignore line: [Using built-in specs.]
  ignore line: [COLLECT_GCC=/usr/bin/cc]
  ignore line: [COLLECT_LTO_WRAPPER=/usr/lib/gcc/i686-linux-gnu/4.8/lto-wrapper]
  ignore line: [Target: i686-linux-gnu]
  ignore line: [Configured with: ../src/configure -v --with-pkgversion='Ubuntu 4.8.4-2ubuntu1~14.04.3' --with-bugurl=file:///usr/share/doc/gcc-4.8/README.Bugs --enable-languages=c,c++,java,go,d,fortran,objc,obj-c++ --prefix=/usr --program-suffix=-4.8 --enable-shared --enable-linker-build-id --libexecdir=/usr/lib --without-included-gettext --enable-threads=posix --with-gxx-include-dir=/usr/include/c++/4.8 --libdir=/usr/lib --enable-nls --with-sysroot=/ --enable-clocale=gnu --enable-libstdcxx-debug --enable-libstdcxx-time=yes --enable-gnu-unique-object --disable-libmudflap --enable-plugin --with-system-zlib --disable-browser-plugin --enable-java-awt=gtk --enable-gtk-cairo --with-java-home=/usr/lib/jvm/java-1.5.0-gcj-4.8-i386/jre --enable-java-home --with-jvm-root-dir=/usr/lib/jvm/java-1.5.0-gcj-4.8-i386 --with-jvm-jar-dir=/usr/lib/jvm-exports/java-1.5.0-gcj-4.8-i386 --with-arch-directory=i386 --with-ecj-jar=/usr/share/java/eclipse-ecj.jar --enable-objc-gc --enable-targets=all --enable-multiarch --disable-werror --with-arch-32=i686 --with-multilib-list=m32,m64,mx32 --with-tune=generic --enable-checking=release --build=i686-linux-gnu --host=i686-linux-gnu --target=i686-linux-gnu]
  ignore line: [Thread model: posix]
  ignore line: [gcc version 4.8.4 (Ubuntu 4.8.4-2ubuntu1~14.04.3) ]
  ignore line: [COMPILER_PATH=/usr/lib/gcc/i686-linux-gnu/4.8/:/usr/lib/gcc/i686-linux-gnu/4.8/:/usr/lib/gcc/i686-linux-gnu/:/usr/lib/gcc/i686-linux-gnu/4.8/:/usr/lib/gcc/i686-linux-gnu/]
  ignore line: [LIBRARY_PATH=/usr/lib/gcc/i686-linux-gnu/4.8/:/usr/lib/gcc/i686-linux-gnu/4.8/../../../i386-linux-gnu/:/usr/lib/gcc/i686-linux-gnu/4.8/../../../../lib/:/lib/i386-linux-gnu/:/lib/../lib/:/usr/lib/i386-linux-gnu/:/usr/lib/../lib/:/usr/lib/gcc/i686-linux-gnu/4.8/../../../:/lib/:/usr/lib/]
  ignore line: [COLLECT_GCC_OPTIONS='-v' '-o' 'cmTryCompileExec1103765337' '-rdynamic' '-mtune=generic' '-march=i686']
  link line: [ /usr/lib/gcc/i686-linux-gnu/4.8/collect2 --sysroot=/ --build-id --eh-frame-hdr -m elf_i386 --hash-style=gnu --as-needed -export-dynamic -dynamic-linker /lib/ld-linux.so.2 -z relro -o cmTryCompileExec1103765337 /usr/lib/gcc/i686-linux-gnu/4.8/../../../i386-linux-gnu/crt1.o /usr/lib/gcc/i686-linux-gnu/4.8/../../../i386-linux-gnu/crti.o /usr/lib/gcc/i686-linux-gnu/4.8/crtbegin.o -L/usr/lib/gcc/i686-linux-gnu/4.8 -L/usr/lib/gcc/i686-linux-gnu/4.8/../../../i386-linux-gnu -L/usr/lib/gcc/i686-linux-gnu/4.8/../../../../lib -L/lib/i386-linux-gnu -L/lib/../lib -L/usr/lib/i386-linux-gnu -L/usr/lib/../lib -L/usr/lib/gcc/i686-linux-gnu/4.8/../../.. CMakeFiles/cmTryCompileExec1103765337.dir/CMakeCCompilerABI.c.o -lgcc --as-needed -lgcc_s --no-as-needed -lc -lgcc --as-needed -lgcc_s --no-as-needed /usr/lib/gcc/i686-linux-gnu/4.8/crtend.o /usr/lib/gcc/i686-linux-gnu/4.8/../../../i386-linux-gnu/crtn.o]
    arg [/usr/lib/gcc/i686-linux-gnu/4.8/collect2] ==> ignore
    arg [--sysroot=/] ==> ignore
    arg [--build-id] ==> ignore
    arg [--eh-frame-hdr] ==> ignore
    arg [-m] ==> ignore
    arg [elf_i386] ==> ignore
    arg [--hash-style=gnu] ==> ignore
    arg [--as-needed] ==> ignore
    arg [-export-dynamic] ==> ignore
    arg [-dynamic-linker] ==> ignore
    arg [/lib/ld-linux.so.2] ==> ignore
    arg [-zrelro] ==> ignore
    arg [-o] ==> ignore
    arg [cmTryCompileExec1103765337] ==> ignore
    arg [/usr/lib/gcc/i686-linux-gnu/4.8/../../../i386-linux-gnu/crt1.o] ==> ignore
    arg [/usr/lib/gcc/i686-linux-gnu/4.8/../../../i386-linux-gnu/crti.o] ==> ignore
    arg [/usr/lib/gcc/i686-linux-gnu/4.8/crtbegin.o] ==> ignore
    arg [-L/usr/lib/gcc/i686-linux-gnu/4.8] ==> dir [/usr/lib/gcc/i686-linux-gnu/4.8]
    arg [-L/usr/lib/gcc/i686-linux-gnu/4.8/../../../i386-linux-gnu] ==> dir [/usr/lib/gcc/i686-linux-gnu/4.8/../../../i386-linux-gnu]
    arg [-L/usr/lib/gcc/i686-linux-gnu/4.8/../../../../lib] ==> dir [/usr/lib/gcc/i686-linux-gnu/4.8/../../../../lib]
    arg [-L/lib/i386-linux-gnu] ==> dir [/lib/i386-linux-gnu]
    arg [-L/lib/../lib] ==> dir [/lib/../lib]
    arg [-L/usr/lib/i386-linux-gnu] ==> dir [/usr/lib/i386-linux-gnu]
    arg [-L/usr/lib/../lib] ==> dir [/usr/lib/../lib]
    arg [-L/usr/lib/gcc/i686-linux-gnu/4.8/../../..] ==> dir [/usr/lib/gcc/i686-linux-gnu/4.8/../../..]
    arg [CMakeFiles/cmTryCompileExec1103765337.dir/CMakeCCompilerABI.c.o] ==> ignore
    arg [-lgcc] ==> lib [gcc]
    arg [--as-needed] ==> ignore
    arg [-lgcc_s] ==> lib [gcc_s]
    arg [--no-as-needed] ==> ignore
    arg [-lc] ==> lib [c]
    arg [-lgcc] ==> lib [gcc]
    arg [--as-needed] ==> ignore
    arg [-lgcc_s] ==> lib [gcc_s]
    arg [--no-as-needed] ==> ignore
    arg [/usr/lib/gcc/i686-linux-gnu/4.8/crtend.o] ==> ignore
    arg [/usr/lib/gcc/i686-linux-gnu/4.8/../../../i386-linux-gnu/crtn.o] ==> ignore
  remove lib [gcc]
  remove lib [gcc_s]
  remove lib [gcc]
  remove lib [gcc_s]
  collapse library dir [/usr/lib/gcc/i686-linux-gnu/4.8] ==> [/usr/lib/gcc/i686-linux-gnu/4.8]
  collapse library dir [/usr/lib/gcc/i686-linux-gnu/4.8/../../../i386-linux-gnu] ==> [/usr/lib/i386-linux-gnu]
  collapse library dir [/usr/lib/gcc/i686-linux-gnu/4.8/../../../../lib] ==> [/usr/lib]
  collapse library dir [/lib/i386-linux-gnu] ==> [/lib/i386-linux-gnu]
  collapse library dir [/lib/../lib] ==> [/lib]
  collapse library dir [/usr/lib/i386-linux-gnu] ==> [/usr/lib/i386-linux-gnu]
  collapse library dir [/usr/lib/../lib] ==> [/usr/lib]
  collapse library dir [/usr/lib/gcc/i686-linux-gnu/4.8/../../..] ==> [/usr/lib]
  implicit libs: [c]
  implicit dirs: [/usr/lib/gcc/i686-linux-gnu/4.8;/usr/lib/i386-linux-gnu;/usr/lib;/lib/i386-linux-gnu;/lib]
  implicit fwks: []


Determining if the CXX compiler works passed with the following output:
Change Dir: /home/rocio/fiberrules/build/CMakeFiles/CMakeTmp

Run Build Command:/usr/bin/make "cmTryCompileExec673600230/fast"
/usr/bin/make -f CMakeFiles/cmTryCompileExec673600230.dir/build.make CMakeFiles/cmTryCompileExec673600230.dir/build
make[1]: Entering directory `/home/rocio/fiberrules/build/CMakeFiles/CMakeTmp'
/usr/bin/cmake -E cmake_progress_report /home/rocio/fiberrules/build/CMakeFiles/CMakeTmp/CMakeFiles 1
Building CXX object CMakeFiles/cmTryCompileExec673600230.dir/testCXXCompiler.cxx.o
/usr/bin/c++     -o CMakeFiles/cmTryCompileExec673600230.dir/testCXXCompiler.cxx.o -c /home/rocio/fiberrules/build/CMakeFiles/CMakeTmp/testCXXCompiler.cxx
Linking CXX executable cmTryCompileExec673600230
/usr/bin/cmake -E cmake_link_script CMakeFiles/cmTryCompileExec673600230.dir/link.txt --verbose=1
/usr/bin/c++        CMakeFiles/cmTryCompileExec673600230.dir/testCXXCompiler.cxx.o  -o cmTryCompileExec673600230 -rdynamic 
make[1]: Leaving directory `/home/rocio/fiberrules/build/CMakeFiles/CMakeTmp'


Detecting CXX compiler ABI info compiled with the following output:
Change Dir: /home/rocio/fiberrules/build/CMakeFiles/CMakeTmp

Run Build Command:/usr/bin/make "cmTryCompileExec1725451403/fast"
/usr/bin/make -f CMakeFiles/cmTryCompileExec1725451403.dir/build.make CMakeFiles/cmTryCompileExec1725451403.dir/build
make[1]: Entering directory `/home/rocio/fiberrules/build/CMakeFiles/CMakeTmp'
/usr/bin/cmake -E cmake_progress_report /home/rocio/fiberrules/build/CMakeFiles/CMakeTmp/CMakeFiles 1
Building CXX object CMakeFiles/cmTryCompileExec1725451403.dir/CMakeCXXCompilerABI.cpp.o
/usr/bin/c++     -o CMakeFiles/cmTryCompileExec1725451403.dir/CMakeCXXCompilerABI.cpp.o -c /usr/share/cmake-2.8/Modules/CMakeCXXCompilerABI.cpp
Linking CXX executable cmTryCompileExec1725451403
/usr/bin/cmake -E cmake_link_script CMakeFiles/cmTryCompileExec1725451403.dir/link.txt --verbose=1
/usr/bin/c++      -v CMakeFiles/cmTryCompileExec1725451403.dir/CMakeCXXCompilerABI.cpp.o  -o cmTryCompileExec1725451403 -rdynamic  
Using built-in specs.
COLLECT_GCC=/usr/bin/c++
COLLECT_LTO_WRAPPER=/usr/lib/gcc/i686-linux-gnu/4.8/lto-wrapper
Target: i686-linux-gnu
Configured with: ../src/configure -v --with-pkgversion='Ubuntu 4.8.4-2ubuntu1~14.04.3' --with-bugurl=file:///usr/share/doc/gcc-4.8/README.Bugs --enable-languages=c,c++,java,go,d,fortran,objc,obj-c++ --prefix=/usr --program-suffix=-4.8 --enable-shared --enable-linker-build-id --libexecdir=/usr/lib --without-included-gettext --enable-threads=posix --with-gxx-include-dir=/usr/include/c++/4.8 --libdir=/usr/lib --enable-nls --with-sysroot=/ --enable-clocale=gnu --enable-libstdcxx-debug --enable-libstdcxx-time=yes --enable-gnu-unique-object --disable-libmudflap --enable-plugin --with-system-zlib --disable-browser-plugin --enable-java-awt=gtk --enable-gtk-cairo --with-java-home=/usr/lib/jvm/java-1.5.0-gcj-4.8-i386/jre --enable-java-home --with-jvm-root-dir=/usr/lib/jvm/java-1.5.0-gcj-4.8-i386 --with-jvm-jar-dir=/usr/lib/jvm-exports/java-1.5.0-gcj-4.8-i386 --with-arch-directory=i386 --with-ecj-jar=/usr/share/java/eclipse-ecj.jar --enable-objc-gc --enable-targets=all --enable-multiarch --disable-werror --with-arch-32=i686 --with-multilib-list=m32,m64,mx32 --with-tune=generic --enable-checking=release --build=i686-linux-gnu --host=i686-linux-gnu --target=i686-linux-gnu
Thread model: posix
gcc version 4.8.4 (Ubuntu 4.8.4-2ubuntu1~14.04.3) 
COMPILER_PATH=/usr/lib/gcc/i686-linux-gnu/4.8/:/usr/lib/gcc/i686-linux-gnu/4.8/:/usr/lib/gcc/i686-linux-gnu/:/usr/lib/gcc/i686-linux-gnu/4.8/:/usr/lib/gcc/i686-linux-gnu/
LIBRARY_PATH=/usr/lib/gcc/i686-linux-gnu/4.8/:/usr/lib/gcc/i686-linux-gnu/4.8/../../../i386-linux-gnu/:/usr/lib/gcc/i686-linux-gnu/4.8/../../../../lib/:/lib/i386-linux-gnu/:/lib/../lib/:/usr/lib/i386-linux-gnu/:/usr/lib/../lib/:/usr/lib/gcc/i686-linux-gnu/4.8/../../../:/lib/:/usr/lib/
COLLECT_GCC_OPTIONS='-v' '-o' 'cmTryCompileExec1725451403' '-rdynamic' '-shared-libgcc' '-mtune=generic' '-march=i686'
 /usr/lib/gcc/i686-linux-gnu/4.8/collect2 --sysroot=/ --build-id --eh-frame-hdr -m elf_i386 --hash-style=gnu --as-needed -export-dynamic -dynamic-linker /lib/ld-linux.so.2 -z relro -o cmTryCompileExec1725451403 /usr/lib/gcc/i686-linux-gnu/4.8/../../../i386-linux-gnu/crt1.o /usr/lib/gcc/i686-linux-gnu/4.8/../../../i386-linux-gnu/crti.o /usr/lib/gcc/i686-linux-gnu/4.8/crtbegin.o -L/usr/lib/gcc/i686-linux-gnu/4.8 -L/usr/lib/gcc/i686-linux-gnu/4.8/../../../i386-linux-gnu -L/usr/lib/gcc/i686-linux-gnu/4.8/../../../../lib -L/lib/i386-linux-gnu -L/lib/../lib -L/usr/lib/i386-linux-gnu -L/usr/lib/../lib -L/usr/lib/gcc/i686-linux-gnu/4.8/../../.. CMakeFiles/cmTryCompileExec1725451403.dir/CMakeCXXCompilerABI.cpp.o -lstdc++ -lm -lgcc_s -lgcc -lc -lgcc_s -lgcc /usr/lib/gcc/i686-linux-gnu/4.8/crtend.o /usr/lib/gcc/i686-linux-gnu/4.8/../../../i386-linux-gnu/crtn.o
make[1]: Leaving directory `/home/rocio/fiberrules/build/CMakeFiles/CMakeTmp'


Parsed CXX implicit link information from above output:
  link line regex: [^( *|.*[/\])(ld|([^/\]+-)?ld|collect2)[^/\]*( |$)]
  ignore line: [Change Dir: /home/rocio/fiberrules/build/CMakeFiles/CMakeTmp]
  ignore line: []
  ignore line: [Run Build Command:/usr/bin/make "cmTryCompileExec1725451403/fast"]
  ignore line: [/usr/bin/make -f CMakeFiles/cmTryCompileExec1725451403.dir/build.make CMakeFiles/cmTryCompileExec1725451403.dir/build]
  ignore line: [make[1]: Entering directory `/home/rocio/fiberrules/build/CMakeFiles/CMakeTmp']
  ignore line: [/usr/bin/cmake -E cmake_progress_report /home/rocio/fiberrules/build/CMakeFiles/CMakeTmp/CMakeFiles 1]
  ignore line: [Building CXX object CMakeFiles/cmTryCompileExec1725451403.dir/CMakeCXXCompilerABI.cpp.o]
  ignore line: [/usr/bin/c++     -o CMakeFiles/cmTryCompileExec1725451403.dir/CMakeCXXCompilerABI.cpp.o -c /usr/share/cmake-2.8/Modules/CMakeCXXCompilerABI.cpp]
  ignore line: [Linking CXX executable cmTryCompileExec1725451403]
  ignore line: [/usr/bin/cmake -E cmake_link_script CMakeFiles/cmTryCompileExec1725451403.dir/link.txt --verbose=1]
  ignore line: [/usr/bin/c++      -v CMakeFiles/cmTryCompileExec1725451403.dir/CMakeCXXCompilerABI.cpp.o  -o cmTryCompileExec1725451403 -rdynamic  ]
  ignore line: [Using built-in specs.]
  ignore line: [COLLECT_GCC=/usr/bin/c++]
  ignore line: [COLLECT_LTO_WRAPPER=/usr/lib/gcc/i686-linux-gnu/4.8/lto-wrapper]
  ignore line: [Target: i686-linux-gnu]
  ignore line: [Configured with: ../src/configure -v --with-pkgversion='Ubuntu 4.8.4-2ubuntu1~14.04.3' --with-bugurl=file:///usr/share/doc/gcc-4.8/README.Bugs --enable-languages=c,c++,java,go,d,fortran,objc,obj-c++ --prefix=/usr --program-suffix=-4.8 --enable-shared --enable-linker-build-id --libexecdir=/usr/lib --without-included-gettext --enable-threads=posix --with-gxx-include-dir=/usr/include/c++/4.8 --libdir=/usr/lib --enable-nls --with-sysroot=/ --enable-clocale=gnu --enable-libstdcxx-debug --enable-libstdcxx-time=yes --enable-gnu-unique-object --disable-libmudflap --enable-plugin --with-system-zlib --disable-browser-plugin --enable-java-awt=gtk --enable-gtk-cairo --with-java-home=/usr/lib/jvm/java-1.5.0-gcj-4.8-i386/jre --enable-java-home --with-jvm-root-dir=/usr/lib/jvm/java-1.5.0-gcj-4.8-i386 --with-jvm-jar-dir=/usr/lib/jvm-exports/java-1.5.0-gcj-4.8-i386 --with-arch-directory=i386 --with-ecj-jar=/usr/share/java/eclipse-ecj.jar --enable-objc-gc --enable-targets=all --enable-multiarch --disable-werror --with-arch-32=i686 --with-multilib-list=m32,m64,mx32 --with-tune=generic --enable-checking=release --build=i686-linux-gnu --host=i686-linux-gnu --target=i686-linux-gnu]
  ignore line: [Thread model: posix]
  ignore line: [gcc version 4.8.4 (Ubuntu 4.8.4-2ubuntu1~14.04.3) ]
  ignore line: [COMPILER_PATH=/usr/lib/gcc/i686-linux-gnu/4.8/:/usr/lib/gcc/i686-linux-gnu/4.8/:/usr/lib/gcc/i686-linux-gnu/:/usr/lib/gcc/i686-linux-gnu/4.8/:/usr/lib/gcc/i686-linux-gnu/]
  ignore line: [LIBRARY_PATH=/usr/lib/gcc/i686-linux-gnu/4.8/:/usr/lib/gcc/i686-linux-gnu/4.8/../../../i386-linux-gnu/:/usr/lib/gcc/i686-linux-gnu/4.8/../../../../lib/:/lib/i386-linux-gnu/:/lib/../lib/:/usr/lib/i386-linux-gnu/:/usr/lib/../lib/:/usr/lib/gcc/i686-linux-gnu/4.8/../../../:/lib/:/usr/lib/]
  ignore line: [COLLECT_GCC_OPTIONS='-v' '-o' 'cmTryCompileExec1725451403' '-rdynamic' '-shared-libgcc' '-mtune=generic' '-march=i686']
  link line: [ /usr/lib/gcc/i686-linux-gnu/4.8/collect2 --sysroot=/ --build-id --eh-frame-hdr -m elf_i386 --hash-style=gnu --as-needed -export-dynamic -dynamic-linker /lib/ld-linux.so.2 -z relro -o cmTryCompileExec1725451403 /usr/lib/gcc/i686-linux-gnu/4.8/../../../i386-linux-gnu/crt1.o /usr/lib/gcc/i686-linux-gnu/4.8/../../../i386-linux-gnu/crti.o /usr/lib/gcc/i686-linux-gnu/4.8/crtbegin.o -L/usr/lib/gcc/i686-linux-gnu/4.8 -L/usr/lib/gcc/i686-linux-gnu/4.8/../../../i386-linux-gnu -L/usr/lib/gcc/i686-linux-gnu/4.8/../../../../lib -L/lib/i386-linux-gnu -L/lib/../lib -L/usr/lib/i386-linux-gnu -L/usr/lib/../lib -L/usr/lib/gcc/i686-linux-gnu/4.8/../../.. CMakeFiles/cmTryCompileExec1725451403.dir/CMakeCXXCompilerABI.cpp.o -lstdc++ -lm -lgcc_s -lgcc -lc -lgcc_s -lgcc /usr/lib/gcc/i686-linux-gnu/4.8/crtend.o /usr/lib/gcc/i686-linux-gnu/4.8/../../../i386-linux-gnu/crtn.o]
    arg [/usr/lib/gcc/i686-linux-gnu/4.8/collect2] ==> ignore
    arg [--sysroot=/] ==> ignore
    arg [--build-id] ==> ignore
    arg [--eh-frame-hdr] ==> ignore
    arg [-m] ==> ignore
    arg [elf_i386] ==> ignore
    arg [--hash-style=gnu] ==> ignore
    arg [--as-needed] ==> ignore
    arg [-export-dynamic] ==> ignore
    arg [-dynamic-linker] ==> ignore
    arg [/lib/ld-linux.so.2] ==> ignore
    arg [-zrelro] ==> ignore
    arg [-o] ==> ignore
    arg [cmTryCompileExec1725451403] ==> ignore
    arg [/usr/lib/gcc/i686-linux-gnu/4.8/../../../i386-linux-gnu/crt1.o] ==> ignore
    arg [/usr/lib/gcc/i686-linux-gnu/4.8/../../../i386-linux-gnu/crti.o] ==> ignore
    arg [/usr/lib/gcc/i686-linux-gnu/4.8/crtbegin.o] ==> ignore
    arg [-L/usr/lib/gcc/i686-linux-gnu/4.8] ==> dir [/usr/lib/gcc/i686-linux-gnu/4.8]
    arg [-L/usr/lib/gcc/i686-linux-gnu/4.8/../../../i386-linux-gnu] ==> dir [/usr/lib/gcc/i686-linux-gnu/4.8/../../../i386-linux-gnu]
    arg [-L/usr/lib/gcc/i686-linux-gnu/4.8/../../../../lib] ==> dir [/usr/lib/gcc/i686-linux-gnu/4.8/../../../../lib]
    arg [-L/lib/i386-linux-gnu] ==> dir [/lib/i386-linux-gnu]
    arg [-L/lib/../lib] ==> dir [/lib/../lib]
    arg [-L/usr/lib/i386-linux-gnu] ==> dir [/usr/lib/i386-linux-gnu]
    arg [-L/usr/lib/../lib] ==> dir [/usr/lib/../lib]
    arg [-L/usr/lib/gcc/i686-linux-gnu/4.8/../../..] ==> dir [/usr/lib/gcc/i686-linux-gnu/4.8/../../..]
    arg [CMakeFiles/cmTryCompileExec1725451403.dir/CMakeCXXCompilerABI.cpp.o] ==> ignore
    arg [-lstdc++] ==> lib [stdc++]
    arg [-lm] ==> lib [m]
    arg [-lgcc_s] ==> lib [gcc_s]
    arg [-lgcc] ==> lib [gcc]
    arg [-lc] ==> lib [c]
    arg [-lgcc_s] ==> lib [gcc_s]
    arg [-lgcc] ==> lib [gcc]
    arg [/usr/lib/gcc/i686-linux-gnu/4.8/crtend.o] ==> ignore
    arg [/usr/lib/gcc/i686-linux-gnu/4.8/../../../i386-linux-gnu/crtn.o] ==> ignore
  remove lib [gcc_s]
  remove lib [gcc]
  remove lib [gcc_s]
  remove lib [gcc]
  collapse library dir [/usr/lib/gcc/i686-linux-gnu/4.8] ==> [/usr/lib/gcc/i686-linux-gnu/4.8]
  collapse library dir [/usr/lib/gcc/i686-linux-gnu/4.8/../../../i386-linux-gnu] ==> [/usr/lib/i386-linux-gnu]
  collapse library dir [/usr/lib/gcc/i686-linux-gnu/4.8/../../../../lib] ==> [/usr/lib]
  collapse library dir [/lib/i386-linux-gnu] ==> [/lib/i386-linux-gnu]
  collapse library dir [/lib/../lib] ==> [/lib]
  collapse library dir [/usr/lib/i386-linux-gnu] ==> [/usr/lib/i386-linux-gnu]
  collapse library dir [/usr/lib/../lib] ==> [/usr/lib]
  collapse library dir [/usr/lib/gcc/i686-linux-gnu/4.8/../../..] ==> [/usr/lib]
  implicit libs: [stdc++;m;c]
  implicit dirs: [/usr/lib/gcc/i686-linux-gnu/4.8;/usr/lib/i386-linux-gnu;/usr/lib;/lib/i386-linux-gnu;/lib]
  implicit fwks: []


Performing C++ SOURCE FILE Test HAS_PIPE succeded with the following output:
Change Dir: /home/rocio/fiberrules/build/CMakeFiles/CMakeTmp

Run Build Command:/usr/bin/make "cmTryCompileExec3714494433/fast"
/usr/bin/make -f CMakeFiles/cmTryCompileExec3714494433.dir/build.make CMakeFiles/cmTryCompileExec3714494433.dir/build
make[1]: Entering directory `/home/rocio/fiberrules/build/CMakeFiles/CMakeTmp'
/usr/bin/cmake -E cmake_progress_report /home/rocio/fiberrules/build/CMakeFiles/CMakeTmp/CMakeFiles 1
Building CXX object CMakeFiles/cmTryCompileExec3714494433.dir/src.cxx.o
/usr/bin/c++    -ansi -DHAS_PIPE   -pipe -o CMakeFiles/cmTryCompileExec3714494433.dir/src.cxx.o -c /home/rocio/fiberrules/build/CMakeFiles/CMakeTmp/src.cxx
Linking CXX executable cmTryCompileExec3714494433
/usr/bin/cmake -E cmake_link_script CMakeFiles/cmTryCompileExec3714494433.dir/link.txt --verbose=1
/usr/bin/c++    -ansi -DHAS_PIPE    CMakeFiles/cmTryCompileExec3714494433.dir/src.cxx.o  -o cmTryCompileExec3714494433 -rdynamic 
make[1]: Leaving directory `/home/rocio/fiberrules/build/CMakeFiles/CMakeTmp'

Source file was:
int main() { return 0;}
Performing C++ SOURCE FILE Test HAS_PEDANTIC succeded with the following output:
Change Dir: /home/rocio/fiberrules/build/CMakeFiles/CMakeTmp

Run Build Command:/usr/bin/make "cmTryCompileExec1562524525/fast"
/usr/bin/make -f CMakeFiles/cmTryCompileExec1562524525.dir/build.make CMakeFiles/cmTryCompileExec1562524525.dir/build
make[1]: Entering directory `/home/rocio/fiberrules/build/CMakeFiles/CMakeTmp'
/usr/bin/cmake -E cmake_progress_report /home/rocio/fiberrules/build/CMakeFiles/CMakeTmp/CMakeFiles 1
Building CXX object CMakeFiles/cmTryCompileExec1562524525.dir/src.cxx.o
/usr/bin/c++    -ansi -DHAS_PEDANTIC   -Wall -Werror -pedantic -o CMakeFiles/cmTryCompileExec1562524525.dir/src.cxx.o -c /home/rocio/fiberrules/build/CMakeFiles/CMakeTmp/src.cxx
Linking CXX executable cmTryCompileExec1562524525
/usr/bin/cmake -E cmake_link_script CMakeFiles/cmTryCompileExec1562524525.dir/link.txt --verbose=1
/usr/bin/c++    -ansi -DHAS_PEDANTIC    CMakeFiles/cmTryCompileExec1562524525.dir/src.cxx.o  -o cmTryCompileExec1562524525 -rdynamic 
make[1]: Leaving directory `/home/rocio/fiberrules/build/CMakeFiles/CMakeTmp'

Source file was:
int main() { return 0;}
Performing C++ SOURCE FILE Test HAS_EXTRA succeded with the following output:
Change Dir: /home/rocio/fiberrules/build/CMakeFiles/CMakeTmp

Run Build Command:/usr/bin/make "cmTryCompileExec4234489931/fast"
/usr/bin/make -f CMakeFiles/cmTryCompileExec4234489931.dir/build.make CMakeFiles/cmTryCompileExec4234489931.dir/build
make[1]: Entering directory `/home/rocio/fiberrules/build/CMakeFiles/CMakeTmp'
/usr/bin/cmake -E cmake_progress_report /home/rocio/fiberrules/build/CMakeFiles/CMakeTmp/CMakeFiles 1
Building CXX object CMakeFiles/cmTryCompileExec4234489931.dir/src.cxx.o
/usr/bin/c++    -ansi -DHAS_EXTRA   -Wshadow -Wextra -o CMakeFiles/cmTryCompileExec4234489931.dir/src.cxx.o -c /home/rocio/fiberrules/build/CMakeFiles/CMakeTmp/src.cxx
Linking CXX executable cmTryCompileExec4234489931
/usr/bin/cmake -E cmake_link_script CMakeFiles/cmTryCompileExec4234489931.dir/link.txt --verbose=1
/usr/bin/c++    -ansi -DHAS_EXTRA    CMakeFiles/cmTryCompileExec4234489931.dir/src.cxx.o  -o cmTryCompileExec4234489931 -rdynamic 
make[1]: Leaving directory `/home/rocio/fiberrules/build/CMakeFiles/CMakeTmp'

Source file was:
int main() { return 0;}
Performing C++ SOURCE FILE Test HAS_DEBUG succeded with the following output:
Change Dir: /home/rocio/fiberrules/build/CMakeFiles/CMakeTmp

Run Build Command:/usr/bin/make "cmTryCompileExec2798869188/fast"
/usr/bin/make -f CMakeFiles/cmTryCompileExec2798869188.dir/build.make CMakeFiles/cmTryCompileExec2798869188.dir/build
make[1]: Entering directory `/home/rocio/fiberrules/build/CMakeFiles/CMakeTmp'
/usr/bin/cmake -E cmake_progress_report /home/rocio/fiberrules/build/CMakeFiles/CMakeTmp/CMakeFiles 1
Building CXX object CMakeFiles/cmTryCompileExec2798869188.dir/src.cxx.o
/usr/bin/c++    -ansi -DHAS_DEBUG   -g -o CMakeFiles/cmTryCompileExec2798869188.dir/src.cxx.o -c /home/rocio/fiberrules/build/CMakeFiles/CMakeTmp/src.cxx
Linking CXX executable cmTryCompileExec2798869188
/usr/bin/cmake -E cmake_link_script CMakeFiles/cmTryCompileExec2798869188.dir/link.txt --verbose=1
/usr/bin/c++    -ansi -DHAS_DEBUG    CMakeFiles/cmTryCompileExec2798869188.dir/src.cxx.o  -o cmTryCompileExec2798869188 -rdynamic 
make[1]: Leaving directory `/home/rocio/fiberrules/build/CMakeFiles/CMakeTmp'

Source file was:
int main() { return 0;}
Performing C++ SOURCE FILE Test HAS_O2_OPTIMISATION succeded with the following output:
Change Dir: /home/rocio/fiberrules/build/CMakeFiles/CMakeTmp

Run Build Command:/usr/bin/make "cmTryCompileExec1223490930/fast"
/usr/bin/make -f CMakeFiles/cmTryCompileExec1223490930.dir/build.make CMakeFiles/cmTryCompileExec1223490930.dir/build
make[1]: Entering directory `/home/rocio/fiberrules/build/CMakeFiles/CMakeTmp'
/usr/bin/cmake -E cmake_progress_report /home/rocio/fiberrules/build/CMakeFiles/CMakeTmp/CMakeFiles 1
Building CXX object CMakeFiles/cmTryCompileExec1223490930.dir/src.cxx.o
/usr/bin/c++    -ansi -DHAS_O2_OPTIMISATION   -O2 -o CMakeFiles/cmTryCompileExec1223490930.dir/src.cxx.o -c /home/rocio/fiberrules/build/CMakeFiles/CMakeTmp/src.cxx
Linking CXX executable cmTryCompileExec1223490930
/usr/bin/cmake -E cmake_link_script CMakeFiles/cmTryCompileExec1223490930.dir/link.txt --verbose=1
/usr/bin/c++    -ansi -DHAS_O2_OPTIMISATION    CMakeFiles/cmTryCompileExec1223490930.dir/src.cxx.o  -o cmTryCompileExec1223490930 -rdynamic 
make[1]: Leaving directory `/home/rocio/fiberrules/build/CMakeFiles/CMakeTmp'

Source file was:
int main() { return 0;}
Performing C SOURCE FILE Test OpenMP_FLAG_DETECTED succeded with the following output:
Change Dir: /home/rocio/fiberrules/build/CMakeFiles/CMakeTmp

Run Build Command:/usr/bin/make "cmTryCompileExec3692926986/fast"
/usr/bin/make -f CMakeFiles/cmTryCompileExec3692926986.dir/build.make CMakeFiles/cmTryCompileExec3692926986.dir/build
make[1]: Entering directory `/home/rocio/fiberrules/build/CMakeFiles/CMakeTmp'
/usr/bin/cmake -E cmake_progress_report /home/rocio/fiberrules/build/CMakeFiles/CMakeTmp/CMakeFiles 1
Building C object CMakeFiles/cmTryCompileExec3692926986.dir/src.c.o
/usr/bin/cc   -DOpenMP_FLAG_DETECTED -fopenmp   -o CMakeFiles/cmTryCompileExec3692926986.dir/src.c.o   -c /home/rocio/fiberrules/build/CMakeFiles/CMakeTmp/src.c
Linking C executable cmTryCompileExec3692926986
/usr/bin/cmake -E cmake_link_script CMakeFiles/cmTryCompileExec3692926986.dir/link.txt --verbose=1
/usr/bin/cc   -DOpenMP_FLAG_DETECTED -fopenmp    CMakeFiles/cmTryCompileExec3692926986.dir/src.c.o  -o cmTryCompileExec3692926986 -rdynamic 
make[1]: Leaving directory `/home/rocio/fiberrules/build/CMakeFiles/CMakeTmp'

Source file was:

#include <omp.h>
int main() {
#ifdef _OPENMP
  return 0;
#else
  breaks_on_purpose
#endif
}

Performing C++ SOURCE FILE Test OpenMP_FLAG_DETECTED succeded with the following output:
Change Dir: /home/rocio/fiberrules/build/CMakeFiles/CMakeTmp

Run Build Command:/usr/bin/make "cmTryCompileExec977129726/fast"
/usr/bin/make -f CMakeFiles/cmTryCompileExec977129726.dir/build.make CMakeFiles/cmTryCompileExec977129726.dir/build
make[1]: Entering directory `/home/rocio/fiberrules/build/CMakeFiles/CMakeTmp'
/usr/bin/cmake -E cmake_progress_report /home/rocio/fiberrules/build/CMakeFiles/CMakeTmp/CMakeFiles 1
Building CXX object CMakeFiles/cmTryCompileExec977129726.dir/src.cxx.o
/usr/bin/c++    -ansi -DOpenMP_FLAG_DETECTED -fopenmp   -o CMakeFiles/cmTryCompileExec977129726.dir/src.cxx.o -c /home/rocio/fiberrules/build/CMakeFiles/CMakeTmp/src.cxx
Linking CXX executable cmTryCompileExec977129726
/usr/bin/cmake -E cmake_link_script CMakeFiles/cmTryCompileExec977129726.dir/link.txt --verbose=1
/usr/bin/c++    -ansi -DOpenMP_FLAG_DETECTED -fopenmp    CMakeFiles/cmTryCompileExec977129726.dir/src.cxx.o  -o cmTryCompileExec977129726 -rdynamic 
make[1]: Leaving directory `/home/rocio/fiberrules/build/CMakeFiles/CMakeTmp'

Source file was:

#include <omp.h>
int main() {
#ifdef _OPENMP
  return 0;
#else
  breaks_on_purpose
#endif
}

Performing C++ SOURCE FILE Test OPENMP_UINT_TEST_RUNS succeded with the following output:
Change Dir: /home/rocio/fiberrules/build/CMakeFiles/CMakeTmp

Run Build Command:/usr/bin/make "cmTryCompileExec1606301000/fast"
/usr/bin/make -f CMakeFiles/cmTryCompileExec1606301000.dir/build.make CMakeFiles/cmTryCompileExec1606301000.dir/build
make[1]: Entering directory `/home/rocio/fiberrules/build/CMakeFiles/CMakeTmp'
/usr/bin/cmake -E cmake_progress_report /home/rocio/fiberrules/build/CMakeFiles/CMakeTmp/CMakeFiles 1
Building CXX object CMakeFiles/cmTryCompileExec1606301000.dir/src.cxx.o
/usr/bin/c++    -ansi -DOPENMP_UINT_TEST_RUNS  -fopenmp   -o CMakeFiles/cmTryCompileExec1606301000.dir/src.cxx.o -c /home/rocio/fiberrules/build/CMakeFiles/CMakeTmp/src.cxx
Linking CXX executable cmTryCompileExec1606301000
/usr/bin/cmake -E cmake_link_script CMakeFiles/cmTryCompileExec1606301000.dir/link.txt --verbose=1
/usr/bin/c++    -ansi -DOPENMP_UINT_TEST_RUNS  -fopenmp    CMakeFiles/cmTryCompileExec1606301000.dir/src.cxx.o  -o cmTryCompileExec1606301000 -rdynamic 
make[1]: Leaving directory `/home/rocio/fiberrules/build/CMakeFiles/CMakeTmp'

Return value: 1
Source file was:

#include <iostream>
#include <omp.h>

#define N 20

int main ()
{
  float a[N];

  omp_set_dynamic(0);
  omp_set_num_threads(10);

  for (int i=0; i<N; ++i) {
    a[i] = i;
  }

#pragma omp parallel shared(a)
  {
    #pragma omp for
    for (unsigned int i=0; i<N; ++i) {
      a[i] = a[i] * 2.0;
    }

    #pragma omp for
    for (unsigned long j=0; j<N; ++j) {
      a[j] = a[j] * 2.0;
    }
  }

  for (int i=0; i<N; i++) {
    std::cout << i << ": " << a[i] << std::endl;
  }
}

Determining if the function sgemm_ exists passed with the following output:
Change Dir: /home/rocio/fiberrules/build/CMakeFiles/CMakeTmp

Run Build Command:/usr/bin/make "cmTryCompileExec3733495767/fast"
/usr/bin/make -f CMakeFiles/cmTryCompileExec3733495767.dir/build.make CMakeFiles/cmTryCompileExec3733495767.dir/build
make[1]: Entering directory `/home/rocio/fiberrules/build/CMakeFiles/CMakeTmp'
/usr/bin/cmake -E cmake_progress_report /home/rocio/fiberrules/build/CMakeFiles/CMakeTmp/CMakeFiles 1
Building C object CMakeFiles/cmTryCompileExec3733495767.dir/CheckFunctionExists.c.o
/usr/bin/cc   -DCHECK_FUNCTION_EXISTS=sgemm_  -fopenmp   -o CMakeFiles/cmTryCompileExec3733495767.dir/CheckFunctionExists.c.o   -c /usr/share/cmake-2.8/Modules/CheckFunctionExists.c
Linking C executable cmTryCompileExec3733495767
/usr/bin/cmake -E cmake_link_script CMakeFiles/cmTryCompileExec3733495767.dir/link.txt --verbose=1
/usr/bin/cc   -DCHECK_FUNCTION_EXISTS=sgemm_  -fopenmp    CMakeFiles/cmTryCompileExec3733495767.dir/CheckFunctionExists.c.o  -o cmTryCompileExec3733495767 -rdynamic -lblas 
make[1]: Leaving directory `/home/rocio/fiberrules/build/CMakeFiles/CMakeTmp'


Determining if files pthread.h exist passed with the following output:
Change Dir: /home/rocio/fiberrules/build/CMakeFiles/CMakeTmp

Run Build Command:/usr/bin/make "cmTryCompileExec2239240308/fast"
/usr/bin/make -f CMakeFiles/cmTryCompileExec2239240308.dir/build.make CMakeFiles/cmTryCompileExec2239240308.dir/build
make[1]: Entering directory `/home/rocio/fiberrules/build/CMakeFiles/CMakeTmp'
/usr/bin/cmake -E cmake_progress_report /home/rocio/fiberrules/build/CMakeFiles/CMakeTmp/CMakeFiles 1
Building C object CMakeFiles/cmTryCompileExec2239240308.dir/CheckIncludeFiles.c.o
/usr/bin/cc   -fopenmp   -o CMakeFiles/cmTryCompileExec2239240308.dir/CheckIncludeFiles.c.o   -c /home/rocio/fiberrules/build/CMakeFiles/CMakeTmp/CheckIncludeFiles.c
Linking C executable cmTryCompileExec2239240308
/usr/bin/cmake -E cmake_link_script CMakeFiles/cmTryCompileExec2239240308.dir/link.txt --verbose=1
/usr/bin/cc    -fopenmp    CMakeFiles/cmTryCompileExec2239240308.dir/CheckIncludeFiles.c.o  -o cmTryCompileExec2239240308 -rdynamic 
make[1]: Leaving directory `/home/rocio/fiberrules/build/CMakeFiles/CMakeTmp'


Determining if the pthread_create exist passed with the following output:
Change Dir: /home/rocio/fiberrules/build/CMakeFiles/CMakeTmp

Run Build Command:/usr/bin/make "cmTryCompileExec1532272762/fast"
/usr/bin/make -f CMakeFiles/cmTryCompileExec1532272762.dir/build.make CMakeFiles/cmTryCompileExec1532272762.dir/build
make[1]: Entering directory `/home/rocio/fiberrules/build/CMakeFiles/CMakeTmp'
/usr/bin/cmake -E cmake_progress_report /home/rocio/fiberrules/build/CMakeFiles/CMakeTmp/CMakeFiles 1
Building C object CMakeFiles/cmTryCompileExec1532272762.dir/CheckSymbolExists.c.o
/usr/bin/cc   -fopenmp   -o CMakeFiles/cmTryCompileExec1532272762.dir/CheckSymbolExists.c.o   -c /home/rocio/fiberrules/build/CMakeFiles/CMakeTmp/CheckSymbolExists.c
Linking C executable cmTryCompileExec1532272762
/usr/bin/cmake -E cmake_link_script CMakeFiles/cmTryCompileExec1532272762.dir/link.txt --verbose=1
/usr/bin/cc    -fopenmp    CMakeFiles/cmTryCompileExec1532272762.dir/CheckSymbolExists.c.o  -o cmTryCompileExec1532272762 -rdynamic 
make[1]: Leaving directory `/home/rocio/fiberrules/build/CMakeFiles/CMakeTmp'

File /home/rocio/fiberrules/build/CMakeFiles/CMakeTmp/CheckSymbolExists.c:
/* */
#include <pthread.h>

int main(int argc, char** argv)
{
  (void)argv;
#ifndef pthread_create
  return ((int*)(&pthread_create))[argc];
#else
  (void)argc;
  return 0;
#endif
}

Determining if the function cheev_ exists passed with the following output:
Change Dir: /home/rocio/fiberrules/build/CMakeFiles/CMakeTmp

Run Build Command:/usr/bin/make "cmTryCompileExec2355424698/fast"
/usr/bin/make -f CMakeFiles/cmTryCompileExec2355424698.dir/build.make CMakeFiles/cmTryCompileExec2355424698.dir/build
make[1]: Entering directory `/home/rocio/fiberrules/build/CMakeFiles/CMakeTmp'
/usr/bin/cmake -E cmake_progress_report /home/rocio/fiberrules/build/CMakeFiles/CMakeTmp/CMakeFiles 1
Building C object CMakeFiles/cmTryCompileExec2355424698.dir/CheckFunctionExists.c.o
/usr/bin/cc   -DCHECK_FUNCTION_EXISTS=cheev_  -fopenmp   -o CMakeFiles/cmTryCompileExec2355424698.dir/CheckFunctionExists.c.o   -c /usr/share/cmake-2.8/Modules/CheckFunctionExists.c
Linking C executable cmTryCompileExec2355424698
/usr/bin/cmake -E cmake_link_script CMakeFiles/cmTryCompileExec2355424698.dir/link.txt --verbose=1
/usr/bin/cc   -DCHECK_FUNCTION_EXISTS=cheev_  -fopenmp    CMakeFiles/cmTryCompileExec2355424698.dir/CheckFunctionExists.c.o  -o cmTryCompileExec2355424698 -rdynamic -llapack -lblas 
make[1]: Leaving directory `/home/rocio/fiberrules/build/CMakeFiles/CMakeTmp'


Performing C++ SOURCE FILE Test HAS_PIPE succeded with the following output:
Change Dir: /home/rocio/Desktop/fiberrules/build/CMakeFiles/CMakeTmp

Run Build Command:/usr/bin/make "cmTryCompileExec2542072504/fast"
/usr/bin/make -f CMakeFiles/cmTryCompileExec2542072504.dir/build.make CMakeFiles/cmTryCompileExec2542072504.dir/build
make[1]: Entering directory `/home/rocio/Desktop/fiberrules/build/CMakeFiles/CMakeTmp'
/usr/bin/cmake -E cmake_progress_report /home/rocio/Desktop/fiberrules/build/CMakeFiles/CMakeTmp/CMakeFiles 1
Building CXX object CMakeFiles/cmTryCompileExec2542072504.dir/src.cxx.o
/usr/bin/c++    -ansi -DHAS_PIPE   -pipe -o CMakeFiles/cmTryCompileExec2542072504.dir/src.cxx.o -c /home/rocio/Desktop/fiberrules/build/CMakeFiles/CMakeTmp/src.cxx
Linking CXX executable cmTryCompileExec2542072504
/usr/bin/cmake -E cmake_link_script CMakeFiles/cmTryCompileExec2542072504.dir/link.txt --verbose=1
/usr/bin/c++    -ansi -DHAS_PIPE    CMakeFiles/cmTryCompileExec2542072504.dir/src.cxx.o  -o cmTryCompileExec2542072504 -rdynamic 
make[1]: Leaving directory `/home/rocio/Desktop/fiberrules/build/CMakeFiles/CMakeTmp'

Source file was:
int main() { return 0;}
Performing C++ SOURCE FILE Test HAS_PEDANTIC succeded with the following output:
Change Dir: /home/rocio/Desktop/fiberrules/build/CMakeFiles/CMakeTmp

Run Build Command:/usr/bin/make "cmTryCompileExec1860512237/fast"
/usr/bin/make -f CMakeFiles/cmTryCompileExec1860512237.dir/build.make CMakeFiles/cmTryCompileExec1860512237.dir/build
make[1]: Entering directory `/home/rocio/Desktop/fiberrules/build/CMakeFiles/CMakeTmp'
/usr/bin/cmake -E cmake_progress_report /home/rocio/Desktop/fiberrules/build/CMakeFiles/CMakeTmp/CMakeFiles 1
Building CXX object CMakeFiles/cmTryCompileExec1860512237.dir/src.cxx.o
/usr/bin/c++    -ansi -DHAS_PEDANTIC   -Wall -Werror -pedantic -o CMakeFiles/cmTryCompileExec1860512237.dir/src.cxx.o -c /home/rocio/Desktop/fiberrules/build/CMakeFiles/CMakeTmp/src.cxx
Linking CXX executable cmTryCompileExec1860512237
/usr/bin/cmake -E cmake_link_script CMakeFiles/cmTryCompileExec1860512237.dir/link.txt --verbose=1
/usr/bin/c++    -ansi -DHAS_PEDANTIC    CMakeFiles/cmTryCompileExec1860512237.dir/src.cxx.o  -o cmTryCompileExec1860512237 -rdynamic 
make[1]: Leaving directory `/home/rocio/Desktop/fiberrules/build/CMakeFiles/CMakeTmp'

Source file was:
int main() { return 0;}
Performing C++ SOURCE FILE Test HAS_EXTRA succeded with the following output:
Change Dir: /home/rocio/Desktop/fiberrules/build/CMakeFiles/CMakeTmp

Run Build Command:/usr/bin/make "cmTryCompileExec667701055/fast"
/usr/bin/make -f CMakeFiles/cmTryCompileExec667701055.dir/build.make CMakeFiles/cmTryCompileExec667701055.dir/build
make[1]: Entering directory `/home/rocio/Desktop/fiberrules/build/CMakeFiles/CMakeTmp'
/usr/bin/cmake -E cmake_progress_report /home/rocio/Desktop/fiberrules/build/CMakeFiles/CMakeTmp/CMakeFiles 1
Building CXX object CMakeFiles/cmTryCompileExec667701055.dir/src.cxx.o
/usr/bin/c++    -ansi -DHAS_EXTRA   -Wshadow -Wextra -o CMakeFiles/cmTryCompileExec667701055.dir/src.cxx.o -c /home/rocio/Desktop/fiberrules/build/CMakeFiles/CMakeTmp/src.cxx
Linking CXX executable cmTryCompileExec667701055
/usr/bin/cmake -E cmake_link_script CMakeFiles/cmTryCompileExec667701055.dir/link.txt --verbose=1
/usr/bin/c++    -ansi -DHAS_EXTRA    CMakeFiles/cmTryCompileExec667701055.dir/src.cxx.o  -o cmTryCompileExec667701055 -rdynamic 
make[1]: Leaving directory `/home/rocio/Desktop/fiberrules/build/CMakeFiles/CMakeTmp'

Source file was:
int main() { return 0;}
Performing C++ SOURCE FILE Test HAS_DEBUG succeded with the following output:
Change Dir: /home/rocio/Desktop/fiberrules/build/CMakeFiles/CMakeTmp

Run Build Command:/usr/bin/make "cmTryCompileExec486726806/fast"
/usr/bin/make -f CMakeFiles/cmTryCompileExec486726806.dir/build.make CMakeFiles/cmTryCompileExec486726806.dir/build
make[1]: Entering directory `/home/rocio/Desktop/fiberrules/build/CMakeFiles/CMakeTmp'
/usr/bin/cmake -E cmake_progress_report /home/rocio/Desktop/fiberrules/build/CMakeFiles/CMakeTmp/CMakeFiles 1
Building CXX object CMakeFiles/cmTryCompileExec486726806.dir/src.cxx.o
/usr/bin/c++    -ansi -DHAS_DEBUG   -g -o CMakeFiles/cmTryCompileExec486726806.dir/src.cxx.o -c /home/rocio/Desktop/fiberrules/build/CMakeFiles/CMakeTmp/src.cxx
Linking CXX executable cmTryCompileExec486726806
/usr/bin/cmake -E cmake_link_script CMakeFiles/cmTryCompileExec486726806.dir/link.txt --verbose=1
/usr/bin/c++    -ansi -DHAS_DEBUG    CMakeFiles/cmTryCompileExec486726806.dir/src.cxx.o  -o cmTryCompileExec486726806 -rdynamic 
make[1]: Leaving directory `/home/rocio/Desktop/fiberrules/build/CMakeFiles/CMakeTmp'

Source file was:
int main() { return 0;}
Performing C++ SOURCE FILE Test HAS_O2_OPTIMISATION succeded with the following output:
Change Dir: /home/rocio/Desktop/fiberrules/build/CMakeFiles/CMakeTmp

Run Build Command:/usr/bin/make "cmTryCompileExec3542016418/fast"
/usr/bin/make -f CMakeFiles/cmTryCompileExec3542016418.dir/build.make CMakeFiles/cmTryCompileExec3542016418.dir/build
make[1]: Entering directory `/home/rocio/Desktop/fiberrules/build/CMakeFiles/CMakeTmp'
/usr/bin/cmake -E cmake_progress_report /home/rocio/Desktop/fiberrules/build/CMakeFiles/CMakeTmp/CMakeFiles 1
Building CXX object CMakeFiles/cmTryCompileExec3542016418.dir/src.cxx.o
/usr/bin/c++    -ansi -DHAS_O2_OPTIMISATION   -O2 -o CMakeFiles/cmTryCompileExec3542016418.dir/src.cxx.o -c /home/rocio/Desktop/fiberrules/build/CMakeFiles/CMakeTmp/src.cxx
Linking CXX executable cmTryCompileExec3542016418
/usr/bin/cmake -E cmake_link_script CMakeFiles/cmTryCompileExec3542016418.dir/link.txt --verbose=1
/usr/bin/c++    -ansi -DHAS_O2_OPTIMISATION    CMakeFiles/cmTryCompileExec3542016418.dir/src.cxx.o  -o cmTryCompileExec3542016418 -rdynamic 
make[1]: Leaving directory `/home/rocio/Desktop/fiberrules/build/CMakeFiles/CMakeTmp'

Source file was:
int main() { return 0;}
Performing C SOURCE FILE Test OpenMP_FLAG_DETECTED succeded with the following output:
Change Dir: /home/rocio/Desktop/fiberrules/build/CMakeFiles/CMakeTmp

Run Build Command:/usr/bin/make "cmTryCompileExec4172887241/fast"
/usr/bin/make -f CMakeFiles/cmTryCompileExec4172887241.dir/build.make CMakeFiles/cmTryCompileExec4172887241.dir/build
make[1]: Entering directory `/home/rocio/Desktop/fiberrules/build/CMakeFiles/CMakeTmp'
/usr/bin/cmake -E cmake_progress_report /home/rocio/Desktop/fiberrules/build/CMakeFiles/CMakeTmp/CMakeFiles 1
Building C object CMakeFiles/cmTryCompileExec4172887241.dir/src.c.o
/usr/bin/cc   -DOpenMP_FLAG_DETECTED -fopenmp   -o CMakeFiles/cmTryCompileExec4172887241.dir/src.c.o   -c /home/rocio/Desktop/fiberrules/build/CMakeFiles/CMakeTmp/src.c
Linking C executable cmTryCompileExec4172887241
/usr/bin/cmake -E cmake_link_script CMakeFiles/cmTryCompileExec4172887241.dir/link.txt --verbose=1
/usr/bin/cc   -DOpenMP_FLAG_DETECTED -fopenmp    CMakeFiles/cmTryCompileExec4172887241.dir/src.c.o  -o cmTryCompileExec4172887241 -rdynamic 
make[1]: Leaving directory `/home/rocio/Desktop/fiberrules/build/CMakeFiles/CMakeTmp'

Source file was:

#include <omp.h>
int main() {
#ifdef _OPENMP
  return 0;
#else
  breaks_on_purpose
#endif
}

Performing C++ SOURCE FILE Test OpenMP_FLAG_DETECTED succeded with the following output:
Change Dir: /home/rocio/Desktop/fiberrules/build/CMakeFiles/CMakeTmp

Run Build Command:/usr/bin/make "cmTryCompileExec1821974176/fast"
/usr/bin/make -f CMakeFiles/cmTryCompileExec1821974176.dir/build.make CMakeFiles/cmTryCompileExec1821974176.dir/build
make[1]: Entering directory `/home/rocio/Desktop/fiberrules/build/CMakeFiles/CMakeTmp'
/usr/bin/cmake -E cmake_progress_report /home/rocio/Desktop/fiberrules/build/CMakeFiles/CMakeTmp/CMakeFiles 1
Building CXX object CMakeFiles/cmTryCompileExec1821974176.dir/src.cxx.o
/usr/bin/c++    -ansi -DOpenMP_FLAG_DETECTED -fopenmp   -o CMakeFiles/cmTryCompileExec1821974176.dir/src.cxx.o -c /home/rocio/Desktop/fiberrules/build/CMakeFiles/CMakeTmp/src.cxx
Linking CXX executable cmTryCompileExec1821974176
/usr/bin/cmake -E cmake_link_script CMakeFiles/cmTryCompileExec1821974176.dir/link.txt --verbose=1
/usr/bin/c++    -ansi -DOpenMP_FLAG_DETECTED -fopenmp    CMakeFiles/cmTryCompileExec1821974176.dir/src.cxx.o  -o cmTryCompileExec1821974176 -rdynamic 
make[1]: Leaving directory `/home/rocio/Desktop/fiberrules/build/CMakeFiles/CMakeTmp'

Source file was:

#include <omp.h>
int main() {
#ifdef _OPENMP
  return 0;
#else
  breaks_on_purpose
#endif
}

Performing C++ SOURCE FILE Test OPENMP_UINT_TEST_RUNS succeded with the following output:
Change Dir: /home/rocio/Desktop/fiberrules/build/CMakeFiles/CMakeTmp

Run Build Command:/usr/bin/make "cmTryCompileExec1497358551/fast"
/usr/bin/make -f CMakeFiles/cmTryCompileExec1497358551.dir/build.make CMakeFiles/cmTryCompileExec1497358551.dir/build
make[1]: Entering directory `/home/rocio/Desktop/fiberrules/build/CMakeFiles/CMakeTmp'
/usr/bin/cmake -E cmake_progress_report /home/rocio/Desktop/fiberrules/build/CMakeFiles/CMakeTmp/CMakeFiles 1
Building CXX object CMakeFiles/cmTryCompileExec1497358551.dir/src.cxx.o
/usr/bin/c++    -ansi -DOPENMP_UINT_TEST_RUNS  -fopenmp   -o CMakeFiles/cmTryCompileExec1497358551.dir/src.cxx.o -c /home/rocio/Desktop/fiberrules/build/CMakeFiles/CMakeTmp/src.cxx
Linking CXX executable cmTryCompileExec1497358551
/usr/bin/cmake -E cmake_link_script CMakeFiles/cmTryCompileExec1497358551.dir/link.txt --verbose=1
/usr/bin/c++    -ansi -DOPENMP_UINT_TEST_RUNS  -fopenmp    CMakeFiles/cmTryCompileExec1497358551.dir/src.cxx.o  -o cmTryCompileExec1497358551 -rdynamic 
make[1]: Leaving directory `/home/rocio/Desktop/fiberrules/build/CMakeFiles/CMakeTmp'

Return value: 1
Source file was:

#include <iostream>
#include <omp.h>

#define N 20

int main ()
{
  float a[N];

  omp_set_dynamic(0);
  omp_set_num_threads(10);

  for (int i=0; i<N; ++i) {
    a[i] = i;
  }

#pragma omp parallel shared(a)
  {
    #pragma omp for
    for (unsigned int i=0; i<N; ++i) {
      a[i] = a[i] * 2.0;
    }

    #pragma omp for
    for (unsigned long j=0; j<N; ++j) {
      a[j] = a[j] * 2.0;
    }
  }

  for (int i=0; i<N; i++) {
    std::cout << i << ": " << a[i] << std::endl;
  }
}

Determining if the function sgemm_ exists passed with the following output:
Change Dir: /home/rocio/Desktop/fiberrules/build/CMakeFiles/CMakeTmp

Run Build Command:/usr/bin/make "cmTryCompileExec1007632316/fast"
/usr/bin/make -f CMakeFiles/cmTryCompileExec1007632316.dir/build.make CMakeFiles/cmTryCompileExec1007632316.dir/build
make[1]: Entering directory `/home/rocio/Desktop/fiberrules/build/CMakeFiles/CMakeTmp'
/usr/bin/cmake -E cmake_progress_report /home/rocio/Desktop/fiberrules/build/CMakeFiles/CMakeTmp/CMakeFiles 1
Building C object CMakeFiles/cmTryCompileExec1007632316.dir/CheckFunctionExists.c.o
/usr/bin/cc   -DCHECK_FUNCTION_EXISTS=sgemm_  -fopenmp   -o CMakeFiles/cmTryCompileExec1007632316.dir/CheckFunctionExists.c.o   -c /usr/share/cmake-2.8/Modules/CheckFunctionExists.c
Linking C executable cmTryCompileExec1007632316
/usr/bin/cmake -E cmake_link_script CMakeFiles/cmTryCompileExec1007632316.dir/link.txt --verbose=1
/usr/bin/cc   -DCHECK_FUNCTION_EXISTS=sgemm_  -fopenmp    CMakeFiles/cmTryCompileExec1007632316.dir/CheckFunctionExists.c.o  -o cmTryCompileExec1007632316 -rdynamic -lblas 
make[1]: Leaving directory `/home/rocio/Desktop/fiberrules/build/CMakeFiles/CMakeTmp'


Determining if files pthread.h exist passed with the following output:
Change Dir: /home/rocio/Desktop/fiberrules/build/CMakeFiles/CMakeTmp

Run Build Command:/usr/bin/make "cmTryCompileExec2090043926/fast"
/usr/bin/make -f CMakeFiles/cmTryCompileExec2090043926.dir/build.make CMakeFiles/cmTryCompileExec2090043926.dir/build
make[1]: Entering directory `/home/rocio/Desktop/fiberrules/build/CMakeFiles/CMakeTmp'
/usr/bin/cmake -E cmake_progress_report /home/rocio/Desktop/fiberrules/build/CMakeFiles/CMakeTmp/CMakeFiles 1
Building C object CMakeFiles/cmTryCompileExec2090043926.dir/CheckIncludeFiles.c.o
/usr/bin/cc   -fopenmp   -o CMakeFiles/cmTryCompileExec2090043926.dir/CheckIncludeFiles.c.o   -c /home/rocio/Desktop/fiberrules/build/CMakeFiles/CMakeTmp/CheckIncludeFiles.c
Linking C executable cmTryCompileExec2090043926
/usr/bin/cmake -E cmake_link_script CMakeFiles/cmTryCompileExec2090043926.dir/link.txt --verbose=1
/usr/bin/cc    -fopenmp    CMakeFiles/cmTryCompileExec2090043926.dir/CheckIncludeFiles.c.o  -o cmTryCompileExec2090043926 -rdynamic 
make[1]: Leaving directory `/home/rocio/Desktop/fiberrules/build/CMakeFiles/CMakeTmp'


Determining if the pthread_create exist passed with the following output:
Change Dir: /home/rocio/Desktop/fiberrules/build/CMakeFiles/CMakeTmp

Run Build Command:/usr/bin/make "cmTryCompileExec3889058609/fast"
/usr/bin/make -f CMakeFiles/cmTryCompileExec3889058609.dir/build.make CMakeFiles/cmTryCompileExec3889058609.dir/build
make[1]: Entering directory `/home/rocio/Desktop/fiberrules/build/CMakeFiles/CMakeTmp'
/usr/bin/cmake -E cmake_progress_report /home/rocio/Desktop/fiberrules/build/CMakeFiles/CMakeTmp/CMakeFiles 1
Building C object CMakeFiles/cmTryCompileExec3889058609.dir/CheckSymbolExists.c.o
/usr/bin/cc   -fopenmp   -o CMakeFiles/cmTryCompileExec3889058609.dir/CheckSymbolExists.c.o   -c /home/rocio/Desktop/fiberrules/build/CMakeFiles/CMakeTmp/CheckSymbolExists.c
Linking C executable cmTryCompileExec3889058609
/usr/bin/cmake -E cmake_link_script CMakeFiles/cmTryCompileExec3889058609.dir/link.txt --verbose=1
/usr/bin/cc    -fopenmp    CMakeFiles/cmTryCompileExec3889058609.dir/CheckSymbolExists.c.o  -o cmTryCompileExec3889058609 -rdynamic 
make[1]: Leaving directory `/home/rocio/Desktop/fiberrules/build/CMakeFiles/CMakeTmp'

File /home/rocio/Desktop/fiberrules/build/CMakeFiles/CMakeTmp/CheckSymbolExists.c:
/* */
#include <pthread.h>

int main(int argc, char** argv)
{
  (void)argv;
#ifndef pthread_create
  return ((int*)(&pthread_create))[argc];
#else
  (void)argc;
  return 0;
#endif
}

Determining if the function cheev_ exists passed with the following output:
Change Dir: /home/rocio/Desktop/fiberrules/build/CMakeFiles/CMakeTmp

Run Build Command:/usr/bin/make "cmTryCompileExec3596317122/fast"
/usr/bin/make -f CMakeFiles/cmTryCompileExec3596317122.dir/build.make CMakeFiles/cmTryCompileExec3596317122.dir/build
make[1]: Entering directory `/home/rocio/Desktop/fiberrules/build/CMakeFiles/CMakeTmp'
/usr/bin/cmake -E cmake_progress_report /home/rocio/Desktop/fiberrules/build/CMakeFiles/CMakeTmp/CMakeFiles 1
Building C object CMakeFiles/cmTryCompileExec3596317122.dir/CheckFunctionExists.c.o
/usr/bin/cc   -DCHECK_FUNCTION_EXISTS=cheev_  -fopenmp   -o CMakeFiles/cmTryCompileExec3596317122.dir/CheckFunctionExists.c.o   -c /usr/share/cmake-2.8/Modules/CheckFunctionExists.c
Linking C executable cmTryCompileExec3596317122
/usr/bin/cmake -E cmake_link_script CMakeFiles/cmTryCompileExec3596317122.dir/link.txt --verbose=1
/usr/bin/cc   -DCHECK_FUNCTION_EXISTS=cheev_  -fopenmp    CMakeFiles/cmTryCompileExec3596317122.dir/CheckFunctionExists.c.o  -o cmTryCompileExec3596317122 -rdynamic -llapack -lblas 
make[1]: Leaving directory `/home/rocio/Desktop/fiberrules/build/CMakeFiles/CMakeTmp'


